<?xml version="1.0" encoding="UTF-8"?>
<!-- Generated by org.testng.reporters.JUnitReportReporter -->
<testsuite hostname="HP-Madhavi" failures="0" tests="3" name="apiAutomation.LibraryApiAutomation" time="6.500" errors="0" timestamp="2023-03-10T21:09:30 EST" skipped="0">
  <testcase classname="apiAutomation.LibraryApiAutomation" name="addLibraryPOST" time="1.132"/>
  <system-out/>
  <testcase classname="apiAutomation.LibraryApiAutomation" name="addLibraryPOST" time="1.175"/>
  <system-out/>
  <testcase classname="apiAutomation.LibraryApiAutomation" name="addLibraryPOST" time="4.193"/>
  <system-out/>
</testsuite> <!-- apiAutomation.LibraryApiAutomation -->
